<?xml version="1.0" encoding="UTF-8"?>
<!-- Generated by org.testng.reporters.JUnitReportReporter -->
<testsuite skipped="0" hostname="mspsys924" name="regressionScenarios.TC02_Store_VerifyByLoginUsingStoreCredentials" tests="1" failures="0" timestamp="07 Jun 2018 12:41:56 GMT" time="45.051" errors="0">
  <testcase name="TC02VerifyByLoginUsingStoreCredentials" time="45.051" classname="regressionScenarios.TC02_Store_VerifyByLoginUsingStoreCredentials"/>
</testsuite> <!-- regressionScenarios.TC02_Store_VerifyByLoginUsingStoreCredentials -->
