<?xml version="1.0" encoding="UTF-8"?>
<!-- Generated by org.testng.reporters.JUnitReportReporter -->
<testsuite skipped="1" hostname="mspsys924" name="smokeScenarios.TC08_GroupAddEditSearchViewDelete" tests="1" failures="0" timestamp="29 Aug 2019 09:24:23 GMT" time="0.000" errors="0">
  <testcase name="TC08GroupAddEditSearchViewDeleteMethod" time="0.000" classname="smokeScenarios.TC08_GroupAddEditSearchViewDelete">
    <skipped/>
  </testcase> <!-- TC08GroupAddEditSearchViewDeleteMethod -->
</testsuite> <!-- smokeScenarios.TC08_GroupAddEditSearchViewDelete -->
