<?xml version="1.0" encoding="UTF-8"?>
<!-- Generated by org.testng.reporters.JUnitReportReporter -->
<testsuite skipped="0" hostname="mspsys924" name="smokeScenario.OptionsEditSearchView" tests="1" failures="0" timestamp="23 May 2018 06:04:15 GMT" time="16.360" errors="0">
  <testcase name="OptionsSearchViewMethod" time="16.360" classname="smokeScenario.OptionsEditSearchView"/>
</testsuite> <!-- smokeScenario.OptionsEditSearchView -->
