<?xml version="1.0" encoding="UTF-8"?>
<!-- Generated by org.testng.reporters.JUnitReportReporter -->
<testsuite skipped="0" hostname="mspsys924" name="smokeScenarios.TC07_StoreAddEditSearchViewDelete" tests="1" failures="0" timestamp="30 Aug 2019 06:49:12 GMT" time="37.186" errors="0">
  <testcase name="TC07storeAddEditSearchViewDeleteMethod" time="37.186" classname="smokeScenarios.TC07_StoreAddEditSearchViewDelete"/>
</testsuite> <!-- smokeScenarios.TC07_StoreAddEditSearchViewDelete -->
