<?xml version="1.0" encoding="UTF-8"?>
<!-- Generated by org.testng.reporters.JUnitReportReporter -->
<testsuite skipped="0" hostname="mspsys924" name="regressionScenarios.winiumRuffWork" tests="1" failures="0" timestamp="29 Jun 2018 06:03:49 GMT" time="1243.699" errors="0">
  <testcase name="ruffWorkMethod" time="1243.699" classname="regressionScenarios.winiumRuffWork"/>
</testsuite> <!-- regressionScenarios.winiumRuffWork -->
