<?xml version="1.0" encoding="UTF-8"?>
<!-- Generated by org.testng.reporters.JUnitReportReporter -->
<testsuite skipped="1" hostname="mspsys924" name="smokeScenarios.TC09_UserAddEditSearchViewDelete" tests="1" failures="0" timestamp="29 Aug 2019 09:24:23 GMT" time="0.000" errors="0">
  <testcase name="TC09UserAddEditSearchViewDeleteMethod" time="0.000" classname="smokeScenarios.TC09_UserAddEditSearchViewDelete">
    <skipped/>
  </testcase> <!-- TC09UserAddEditSearchViewDeleteMethod -->
</testsuite> <!-- smokeScenarios.TC09_UserAddEditSearchViewDelete -->
