<?xml version="1.0" encoding="UTF-8"?>
<!-- Generated by org.testng.reporters.JUnitReportReporter -->
<testsuite skipped="0" hostname="mspsys924" name="smokeScenario.NavigateToModule" tests="1" failures="0" timestamp="23 May 2018 06:04:15 GMT" time="50.865" errors="0">
  <testcase name="OpenModule" time="50.865" classname="smokeScenario.NavigateToModule"/>
</testsuite> <!-- smokeScenario.NavigateToModule -->
