<?xml version="1.0" encoding="UTF-8"?>
<!-- Generated by org.testng.reporters.JUnitReportReporter -->
<testsuite skipped="1" hostname="mspsys924" name="smokeScenarios.AddEditSearchViewDelete" tests="1" failures="0" timestamp="29 May 2018 12:31:05 GMT" time="0.000" errors="0">
  <testcase name="addEditSearchViewDeleteMethod" time="0.000" classname="smokeScenarios.AddEditSearchViewDelete">
    <skipped/>
  </testcase> <!-- addEditSearchViewDeleteMethod -->
</testsuite> <!-- smokeScenarios.AddEditSearchViewDelete -->
