<?xml version="1.0" encoding="UTF-8"?>
<!-- Generated by org.testng.reporters.JUnitReportReporter -->
<testsuite skipped="0" hostname="mspsys924" name="regressionScenarios.TC01StoreVerifyStoreUserAndRole" tests="1" failures="0" timestamp="29 May 2018 06:27:11 GMT" time="55.134" errors="0">
  <testcase name="TC01VerifyNewStoreUserAndRole" time="55.134" classname="regressionScenarios.TC01StoreVerifyStoreUserAndRole"/>
</testsuite> <!-- regressionScenarios.TC01StoreVerifyStoreUserAndRole -->
