<?xml version="1.0" encoding="UTF-8"?>
<!-- Generated by org.testng.reporters.JUnitReportReporter -->
<testsuite skipped="0" hostname="mspsys924" name="smokeScenarios.RoleAddEditSearchViewDelete" tests="1" failures="0" timestamp="26 Jun 2018 07:18:42 GMT" time="270.743" errors="0">
  <testcase name="RoleAddEditSearchViewDeleteMethod" time="270.743" classname="smokeScenarios.RoleAddEditSearchViewDelete"/>
</testsuite> <!-- smokeScenarios.RoleAddEditSearchViewDelete -->
