<?xml version="1.0" encoding="UTF-8"?>
<!-- Generated by org.testng.reporters.JUnitReportReporter -->
<testsuite skipped="0" hostname="mspsys924" name="smokeScenario.UserAddEditSearchViewDelete" tests="1" failures="0" timestamp="23 May 2018 06:04:15 GMT" time="313.787" errors="0">
  <testcase name="UserAddEditSearchViewDeleteMethod" time="313.787" classname="smokeScenario.UserAddEditSearchViewDelete"/>
</testsuite> <!-- smokeScenario.UserAddEditSearchViewDelete -->
