<?xml version="1.0" encoding="UTF-8"?>
<!-- Generated by org.testng.reporters.JUnitReportReporter -->
<testsuite skipped="0" hostname="mspsys924" name="smokeScenarios.TC01_NavigateToModule" tests="1" failures="0" timestamp="03 Jan 2021 21:37:59 GMT" time="41.995" errors="0">
  <testcase name="TC01OpenModule" time="41.995" classname="smokeScenarios.TC01_NavigateToModule"/>
</testsuite> <!-- smokeScenarios.TC01_NavigateToModule -->
