<?xml version="1.0" encoding="UTF-8"?>
<!-- Generated by org.testng.reporters.JUnitReportReporter -->
<testsuite skipped="1" hostname="mspsys924" name="smokeScenarios.RuffWorkTestNGSmoke" tests="1" failures="0" timestamp="29 May 2018 12:31:06 GMT" time="0.000" errors="0">
  <testcase name="createGeneralGroup" time="0.000" classname="smokeScenarios.RuffWorkTestNGSmoke">
    <skipped/>
  </testcase> <!-- createGeneralGroup -->
</testsuite> <!-- smokeScenarios.RuffWorkTestNGSmoke -->
