<?xml version="1.0" encoding="UTF-8"?>
<!-- Generated by org.testng.reporters.JUnitReportReporter -->
<testsuite skipped="0" hostname="mspsys924" name="smokeScenario.RuffWorkTestNGSmoke" tests="1" failures="0" timestamp="18 May 2018 09:27:56 GMT" time="89.933" errors="0">
  <testcase name="createGeneralGroup" time="89.933" classname="smokeScenario.RuffWorkTestNGSmoke"/>
</testsuite> <!-- smokeScenario.RuffWorkTestNGSmoke -->
