<?xml version="1.0" encoding="UTF-8"?>
<!-- Generated by org.testng.reporters.JUnitReportReporter -->
<testsuite skipped="0" hostname="mspsys924" name="integrationScenarios.TC02_VerifyStoreCardIssue" tests="1" failures="0" timestamp="02 Jul 2018 07:52:06 GMT" time="133.726" errors="0">
  <testcase name="ruffWorkMethod" time="133.726" classname="integrationScenarios.TC02_VerifyStoreCardIssue"/>
</testsuite> <!-- integrationScenarios.TC02_VerifyStoreCardIssue -->
