<?xml version="1.0" encoding="UTF-8"?>
<!-- Generated by org.testng.reporters.JUnitReportReporter -->
<testsuite skipped="0" hostname="mspsys924" name="smokeScenarios.NavigateToModule" tests="1" failures="0" timestamp="26 Jun 2018 07:18:42 GMT" time="45.775" errors="0">
  <testcase name="OpenModule" time="45.775" classname="smokeScenarios.NavigateToModule"/>
</testsuite> <!-- smokeScenarios.NavigateToModule -->
