<?xml version="1.0" encoding="UTF-8"?>
<!-- Generated by org.testng.reporters.JUnitReportReporter -->
<testsuite skipped="0" hostname="mspsys924" name="smokeScenario.StoreAddEditSearchViewDelete" tests="1" failures="0" timestamp="23 May 2018 06:04:15 GMT" time="365.630" errors="0">
  <testcase name="storeAddEditSearchViewDeleteMethod" time="365.630" classname="smokeScenario.StoreAddEditSearchViewDelete"/>
</testsuite> <!-- smokeScenario.StoreAddEditSearchViewDelete -->
