<?xml version="1.0" encoding="UTF-8"?>
<!-- Generated by org.testng.reporters.JUnitReportReporter -->
<testsuite skipped="0" hostname="mspsys924" name="smokeScenarios.SubModuleSearchView" tests="1" failures="0" timestamp="26 Jun 2018 07:18:42 GMT" time="7.145" errors="0">
  <testcase name="SubModuleSearchViewMethod" time="7.145" classname="smokeScenarios.SubModuleSearchView"/>
</testsuite> <!-- smokeScenarios.SubModuleSearchView -->
