<?xml version="1.0" encoding="UTF-8"?>
<!-- Generated by org.testng.reporters.JUnitReportReporter -->
<testsuite skipped="0" hostname="mspsys924" name="integrationScenarios.TC03_VerifyInactiveStoreCard" tests="1" failures="0" timestamp="03 Jul 2018 06:11:17 GMT" time="134.260" errors="0">
  <testcase name="ruffWorkMethod" time="134.260" classname="integrationScenarios.TC03_VerifyInactiveStoreCard"/>
</testsuite> <!-- integrationScenarios.TC03_VerifyInactiveStoreCard -->
