<?xml version="1.0" encoding="UTF-8"?>
<!-- Generated by org.testng.reporters.JUnitReportReporter -->
<testsuite skipped="0" hostname="mspsys924" name="smokeScenario.FormSearchView" tests="1" failures="0" timestamp="23 May 2018 06:04:15 GMT" time="7.435" errors="0">
  <testcase name="FormSearchViewMethod" time="7.435" classname="smokeScenario.FormSearchView"/>
</testsuite> <!-- smokeScenario.FormSearchView -->
