<?xml version="1.0" encoding="UTF-8"?>
<!-- Generated by org.testng.reporters.JUnitReportReporter -->
<testsuite skipped="0" hostname="mspsys924" name="regressionScenarios.TC01_Store_VerifyStoreUserAndRole" tests="1" failures="0" timestamp="07 Jun 2018 12:41:56 GMT" time="60.241" errors="0">
  <testcase name="TC01VerifyNewStoreUserAndRole" time="60.241" classname="regressionScenarios.TC01_Store_VerifyStoreUserAndRole"/>
</testsuite> <!-- regressionScenarios.TC01_Store_VerifyStoreUserAndRole -->
