<?xml version="1.0" encoding="UTF-8"?>
<!-- Generated by org.testng.reporters.JUnitReportReporter -->
<testsuite skipped="1" hostname="mspsys924" name="smokeScenarios.TC06_StoreCardAddEditSearchViewDelete" tests="2" failures="0" timestamp="29 Aug 2019 09:24:23 GMT" time="0.107" errors="1">
  <testcase name="TC06storeCardAddEditSearchViewDeleteMethod" time="0.000" classname="smokeScenarios.TC06_StoreCardAddEditSearchViewDelete">
    <skipped/>
  </testcase> <!-- TC06storeCardAddEditSearchViewDeleteMethod -->
  <testcase name="checkTestCase" time="0.107" classname="smokeScenarios.TC06_StoreCardAddEditSearchViewDelete">
    <error type="java.lang.NullPointerException">
      <![CDATA[java.lang.NullPointerException
at smokeScenarios.TC06_StoreCardAddEditSearchViewDelete.checkTestCase(TC06_StoreCardAddEditSearchViewDelete.java:34)
at sun.reflect.NativeMethodAccessorImpl.invoke0(Native Method)
at sun.reflect.NativeMethodAccessorImpl.invoke(NativeMethodAccessorImpl.java:62)
at sun.reflect.DelegatingMethodAccessorImpl.invoke(DelegatingMethodAccessorImpl.java:43)
at java.lang.reflect.Method.invoke(Method.java:498)
at org.testng.internal.MethodInvocationHelper.invokeMethod(MethodInvocationHelper.java:124)
at org.testng.internal.MethodInvocationHelper.invokeMethodConsideringTimeout(MethodInvocationHelper.java:59)
at org.testng.internal.Invoker.invokeConfigurationMethod(Invoker.java:455)
at org.testng.internal.Invoker.invokeConfigurations(Invoker.java:222)
at org.testng.internal.Invoker.invokeConfigurations(Invoker.java:142)
at org.testng.TestRunner.beforeRun(TestRunner.java:529)
at org.testng.TestRunner.run(TestRunner.java:497)
at org.testng.SuiteRunner.runTest(SuiteRunner.java:455)
at org.testng.SuiteRunner.runSequentially(SuiteRunner.java:450)
at org.testng.SuiteRunner.privateRun(SuiteRunner.java:415)
at org.testng.SuiteRunner.run(SuiteRunner.java:364)
at org.testng.SuiteRunnerWorker.runSuite(SuiteRunnerWorker.java:52)
at org.testng.SuiteRunnerWorker.run(SuiteRunnerWorker.java:84)
at org.testng.TestNG.runSuitesSequentially(TestNG.java:1208)
at org.testng.TestNG.runSuitesLocally(TestNG.java:1137)
at org.testng.TestNG.runSuites(TestNG.java:1049)
at org.testng.TestNG.run(TestNG.java:1017)
at org.testng.remote.AbstractRemoteTestNG.run(AbstractRemoteTestNG.java:114)
at org.testng.remote.RemoteTestNG.initAndRun(RemoteTestNG.java:251)
at org.testng.remote.RemoteTestNG.main(RemoteTestNG.java:77)
]]>
    </error>
  </testcase> <!-- checkTestCase -->
</testsuite> <!-- smokeScenarios.TC06_StoreCardAddEditSearchViewDelete -->
